----------------------------------------------------------------
Tue May 02 13:30:44 CEST 2017:
Booting Derby version The Apache Software Foundation - Apache Derby - 10.13.1.1 - (1765088): instance a816c00e-015b-c8ed-454b-00000254f700 
on database directory memory:/home/tom/Repository/RecipeEvidenceBackupWebapp/RecipeEvidenceWebapp/RecipeEvidence/categorymgr-test with class loader sun.misc.Launcher$AppClassLoader@18b4aac2 
Loaded from file:/home/tom/.m2/repository/org/apache/derby/derby/10.13.1.1/derby-10.13.1.1.jar
java.vendor=Oracle Corporation
java.runtime.version=1.8.0_131-b11
user.dir=/home/tom/Repository/RecipeEvidenceBackupWebapp/RecipeEvidenceWebapp/RecipeEvidence
os.name=Linux
os.arch=amd64
os.version=4.4.0-72-generic
derby.system.home=null
Database Class Loader started - derby.database.classpath=''
----------------------------------------------------------------
Tue May 02 13:30:49 CEST 2017:
Booting Derby version The Apache Software Foundation - Apache Derby - 10.13.1.1 - (1765088): instance 1c46c373-015b-c8ed-454b-00000254f700 
on database directory memory:/home/tom/Repository/RecipeEvidenceBackupWebapp/RecipeEvidenceWebapp/RecipeEvidence/dependencymgr-test with class loader sun.misc.Launcher$AppClassLoader@18b4aac2 
Loaded from file:/home/tom/.m2/repository/org/apache/derby/derby/10.13.1.1/derby-10.13.1.1.jar
java.vendor=Oracle Corporation
java.runtime.version=1.8.0_131-b11
user.dir=/home/tom/Repository/RecipeEvidenceBackupWebapp/RecipeEvidenceWebapp/RecipeEvidence
os.name=Linux
os.arch=amd64
os.version=4.4.0-72-generic
derby.system.home=null
Database Class Loader started - derby.database.classpath=''
----------------------------------------------------------------
Tue May 02 13:30:51 CEST 2017:
Booting Derby version The Apache Software Foundation - Apache Derby - 10.13.1.1 - (1765088): instance b1ea09b0-015b-c8ed-454b-00000254f700 
on database directory memory:/home/tom/Repository/RecipeEvidenceBackupWebapp/RecipeEvidenceWebapp/RecipeEvidence/recipemgr-test with class loader sun.misc.Launcher$AppClassLoader@18b4aac2 
Loaded from file:/home/tom/.m2/repository/org/apache/derby/derby/10.13.1.1/derby-10.13.1.1.jar
java.vendor=Oracle Corporation
java.runtime.version=1.8.0_131-b11
user.dir=/home/tom/Repository/RecipeEvidenceBackupWebapp/RecipeEvidenceWebapp/RecipeEvidence
os.name=Linux
os.arch=amd64
os.version=4.4.0-72-generic
derby.system.home=null
Database Class Loader started - derby.database.classpath=''
